<?xml version="1.0" encoding="UTF-8"?>
<testng-results skipped="0" failed="0" ignored="0" total="0" passed="0">
  <reporter-output>
  </reporter-output>
  <suite name="Surefire suite" duration-ms="1033" started-at="2023-09-06T01:25:32 PKT" finished-at="2023-09-06T01:25:33 PKT">
    <groups>
      <group name="cucumber">
        <method signature="AbstractTestNGCucumberTests.runScenario(io.cucumber.testng.PickleWrapper,io.cucumber.testng.FeatureWrapper)[pri:0, instance:TestRunner.Run@80169cf]" name="runScenario" class="io.cucumber.testng.AbstractTestNGCucumberTests"/>
      </group> <!-- cucumber -->
    </groups>
    <test name="Surefire test" duration-ms="1033" started-at="2023-09-06T01:25:32 PKT" finished-at="2023-09-06T01:25:33 PKT">
      <class name="TestRunner.Run">
        <test-method status="PASS" signature="setUpClass(org.testng.ITestContext)[pri:0, instance:TestRunner.Run@80169cf]" name="setUpClass" is-config="true" duration-ms="900" started-at="2023-09-06T01:25:32 PKT" finished-at="2023-09-06T01:25:33 PKT">
          <params>
            <param index="0">
              <value>
                <![CDATA[org.testng.TestRunner@75d2da2d]]>
              </value>
            </param>
          </params>
          <reporter-output>
          </reporter-output>
        </test-method> <!-- setUpClass -->
        <test-method status="PASS" signature="tearDownClass()[pri:0, instance:TestRunner.Run@80169cf]" name="tearDownClass" is-config="true" duration-ms="81" started-at="2023-09-06T01:25:33 PKT" finished-at="2023-09-06T01:25:33 PKT">
          <reporter-output>
          </reporter-output>
        </test-method> <!-- tearDownClass -->
      </class> <!-- TestRunner.Run -->
    </test> <!-- Surefire test -->
  </suite> <!-- Surefire suite -->
</testng-results>
